{"H:\\firstappui\\src\\components\\Autocomplete.js": {"path":"H:\\firstappui\\src\\components\\Autocomplete.js","statementMap":{"0":{"start":{"line":4,"column":21},"end":{"line":90,"column":1}},"1":{"start":{"line":17,"column":38},"end":{"line":17,"column":50}},"2":{"start":{"line":18,"column":38},"end":{"line":18,"column":50}},"3":{"start":{"line":19,"column":30},"end":{"line":19,"column":45}},"4":{"start":{"line":20,"column":26},"end":{"line":20,"column":40}},"5":{"start":{"line":21,"column":29},"end":{"line":24,"column":5}},"6":{"start":{"line":22,"column":8},"end":{"line":22,"column":42}},"7":{"start":{"line":23,"column":8},"end":{"line":23,"column":37}},"8":{"start":{"line":27,"column":4},"end":{"line":27,"column":29}},"9":{"start":{"line":28,"column":27},"end":{"line":56,"column":5}},"10":{"start":{"line":29,"column":8},"end":{"line":29,"column":23}},"11":{"start":{"line":30,"column":8},"end":{"line":30,"column":25}},"12":{"start":{"line":31,"column":8},"end":{"line":55,"column":9}},"13":{"start":{"line":33,"column":12},"end":{"line":42,"column":17}},"14":{"start":{"line":35,"column":20},"end":{"line":37,"column":23}},"15":{"start":{"line":36,"column":24},"end":{"line":36,"column":80}},"16":{"start":{"line":39,"column":17},"end":{"line":42,"column":17}},"17":{"start":{"line":41,"column":20},"end":{"line":41,"column":57}},"18":{"start":{"line":43,"column":16},"end":{"line":43,"column":39}},"19":{"start":{"line":49,"column":12},"end":{"line":49,"column":43}},"20":{"start":{"line":50,"column":12},"end":{"line":50,"column":31}},"21":{"start":{"line":54,"column":12},"end":{"line":54,"column":30}},"22":{"start":{"line":57,"column":33},"end":{"line":57,"column":77}},"23":{"start":{"line":58,"column":4},"end":{"line":67,"column":19}},"24":{"start":{"line":59,"column":8},"end":{"line":66,"column":13}},"25":{"start":{"line":61,"column":16},"end":{"line":61,"column":51}},"26":{"start":{"line":65,"column":16},"end":{"line":65,"column":35}},"27":{"start":{"line":69,"column":32},"end":{"line":73,"column":5}},"28":{"start":{"line":70,"column":8},"end":{"line":70,"column":59}},"29":{"start":{"line":71,"column":8},"end":{"line":71,"column":29}},"30":{"start":{"line":72,"column":8},"end":{"line":72,"column":27}},"31":{"start":{"line":75,"column":2},"end":{"line":89,"column":3}}},"fnMap":{"0":{"name":"(anonymous_0)","decl":{"start":{"line":4,"column":21},"end":{"line":4,"column":22}},"loc":{"start":{"line":16,"column":6},"end":{"line":90,"column":1}},"line":16},"1":{"name":"(anonymous_1)","decl":{"start":{"line":9,"column":14},"end":{"line":9,"column":15}},"loc":{"start":{"line":9,"column":18},"end":{"line":9,"column":20}},"line":9},"2":{"name":"(anonymous_2)","decl":{"start":{"line":10,"column":13},"end":{"line":10,"column":14}},"loc":{"start":{"line":10,"column":19},"end":{"line":10,"column":21}},"line":10},"3":{"name":"(anonymous_3)","decl":{"start":{"line":11,"column":14},"end":{"line":11,"column":15}},"loc":{"start":{"line":11,"column":20},"end":{"line":11,"column":22}},"line":11},"4":{"name":"(anonymous_4)","decl":{"start":{"line":12,"column":15},"end":{"line":12,"column":16}},"loc":{"start":{"line":12,"column":21},"end":{"line":12,"column":23}},"line":12},"5":{"name":"(anonymous_5)","decl":{"start":{"line":21,"column":29},"end":{"line":21,"column":30}},"loc":{"start":{"line":21,"column":38},"end":{"line":24,"column":5}},"line":21},"6":{"name":"(anonymous_6)","decl":{"start":{"line":28,"column":27},"end":{"line":28,"column":28}},"loc":{"start":{"line":28,"column":41},"end":{"line":56,"column":5}},"line":28},"7":{"name":"(anonymous_7)","decl":{"start":{"line":35,"column":45},"end":{"line":35,"column":46}},"loc":{"start":{"line":35,"column":53},"end":{"line":37,"column":21}},"line":35},"8":{"name":"(anonymous_8)","decl":{"start":{"line":58,"column":14},"end":{"line":58,"column":15}},"loc":{"start":{"line":58,"column":18},"end":{"line":67,"column":5}},"line":58},"9":{"name":"(anonymous_9)","decl":{"start":{"line":69,"column":32},"end":{"line":69,"column":33}},"loc":{"start":{"line":69,"column":46},"end":{"line":73,"column":5}},"line":69}},"branchMap":{"0":{"loc":{"start":{"line":7,"column":4},"end":{"line":7,"column":18}},"type":"default-arg","locations":[{"start":{"line":7,"column":16},"end":{"line":7,"column":18}}],"line":7},"1":{"loc":{"start":{"line":8,"column":4},"end":{"line":8,"column":30}},"type":"default-arg","locations":[{"start":{"line":8,"column":18},"end":{"line":8,"column":30}}],"line":8},"2":{"loc":{"start":{"line":9,"column":4},"end":{"line":9,"column":20}},"type":"default-arg","locations":[{"start":{"line":9,"column":14},"end":{"line":9,"column":20}}],"line":9},"3":{"loc":{"start":{"line":10,"column":4},"end":{"line":10,"column":21}},"type":"default-arg","locations":[{"start":{"line":10,"column":13},"end":{"line":10,"column":21}}],"line":10},"4":{"loc":{"start":{"line":11,"column":4},"end":{"line":11,"column":22}},"type":"default-arg","locations":[{"start":{"line":11,"column":14},"end":{"line":11,"column":22}}],"line":11},"5":{"loc":{"start":{"line":12,"column":4},"end":{"line":12,"column":23}},"type":"default-arg","locations":[{"start":{"line":12,"column":15},"end":{"line":12,"column":23}}],"line":12},"6":{"loc":{"start":{"line":13,"column":4},"end":{"line":13,"column":14}},"type":"default-arg","locations":[{"start":{"line":13,"column":12},"end":{"line":13,"column":14}}],"line":13},"7":{"loc":{"start":{"line":33,"column":12},"end":{"line":42,"column":17}},"type":"if","locations":[{"start":{"line":33,"column":12},"end":{"line":42,"column":17}},{"start":{"line":39,"column":17},"end":{"line":42,"column":17}}],"line":33},"8":{"loc":{"start":{"line":39,"column":17},"end":{"line":42,"column":17}},"type":"if","locations":[{"start":{"line":39,"column":17},"end":{"line":42,"column":17}},{"start":{},"end":{}}],"line":39},"9":{"loc":{"start":{"line":59,"column":8},"end":{"line":66,"column":13}},"type":"if","locations":[{"start":{"line":59,"column":8},"end":{"line":66,"column":13}},{"start":{"line":64,"column":12},"end":{"line":66,"column":13}}],"line":59},"10":{"loc":{"start":{"line":70,"column":22},"end":{"line":70,"column":57}},"type":"cond-expr","locations":[{"start":{"line":70,"column":30},"end":{"line":70,"column":49}},{"start":{"line":70,"column":50},"end":{"line":70,"column":57}}],"line":70},"11":{"loc":{"start":{"line":78,"column":9},"end":{"line":87,"column":61}},"type":"binary-expr","locations":[{"start":{"line":78,"column":10},"end":{"line":78,"column":33}},{"start":{"line":78,"column":37},"end":{"line":78,"column":44}},{"start":{"line":78,"column":48},"end":{"line":78,"column":53}},{"start":{"line":78,"column":61},"end":{"line":87,"column":60}}],"line":78},"12":{"loc":{"start":{"line":79,"column":9},"end":{"line":79,"column":54}},"type":"binary-expr","locations":[{"start":{"line":79,"column":9},"end":{"line":79,"column":14}},{"start":{"line":79,"column":18},"end":{"line":79,"column":54}}],"line":79},"13":{"loc":{"start":{"line":80,"column":9},"end":{"line":80,"column":66}},"type":"binary-expr","locations":[{"start":{"line":80,"column":9},"end":{"line":80,"column":16}},{"start":{"line":80,"column":20},"end":{"line":80,"column":66}}],"line":80}},"s":{"0":1,"1":0,"2":0,"3":0,"4":0,"5":0,"6":0,"7":0,"8":0,"9":0,"10":0,"11":0,"12":0,"13":0,"14":0,"15":0,"16":0,"17":0,"18":0,"19":0,"20":0,"21":0,"22":0,"23":0,"24":0,"25":0,"26":0,"27":0,"28":0,"29":0,"30":0,"31":0},"f":{"0":0,"1":0,"2":0,"3":0,"4":0,"5":0,"6":0,"7":0,"8":0,"9":0},"b":{"0":[0],"1":[0],"2":[0],"3":[0],"4":[0],"5":[0],"6":[0],"7":[0,0],"8":[0,0],"9":[0,0],"10":[0,0],"11":[0,0,0,0],"12":[0,0],"13":[0,0]},"_coverageSchema":"1a1c01bbd47fc00a2c39e90264f33305004495a9","hash":"1ca73752a1d93e2fea890fa386a9788b6a14d4ae"}
,"H:\\firstappui\\src\\components\\Body.js": {"path":"H:\\firstappui\\src\\components\\Body.js","statementMap":{"0":{"start":{"line":12,"column":19},"end":{"line":26,"column":2}},"1":{"start":{"line":32,"column":12},"end":{"line":235,"column":5}},"2":{"start":{"line":60,"column":41},"end":{"line":60,"column":53}},"3":{"start":{"line":61,"column":8},"end":{"line":61,"column":39}},"4":{"start":{"line":62,"column":67},"end":{"line":62,"column":79}},"5":{"start":{"line":63,"column":29},"end":{"line":63,"column":66}},"6":{"start":{"line":65,"column":42},"end":{"line":82,"column":10}},"7":{"start":{"line":88,"column":8},"end":{"line":91,"column":13}},"8":{"start":{"line":89,"column":12},"end":{"line":89,"column":24}},"9":{"start":{"line":92,"column":29},"end":{"line":92,"column":40}},"10":{"start":{"line":93,"column":49},"end":{"line":93,"column":72}},"11":{"start":{"line":94,"column":25},"end":{"line":122,"column":10}},"12":{"start":{"line":95,"column":25},"end":{"line":95,"column":176}},"13":{"start":{"line":96,"column":25},"end":{"line":96,"column":42}},"14":{"start":{"line":97,"column":13},"end":{"line":97,"column":31}},"15":{"start":{"line":98,"column":13},"end":{"line":98,"column":104}},"16":{"start":{"line":99,"column":13},"end":{"line":99,"column":93}},"17":{"start":{"line":100,"column":13},"end":{"line":100,"column":115}},"18":{"start":{"line":101,"column":12},"end":{"line":101,"column":40}},"19":{"start":{"line":124,"column":25},"end":{"line":124,"column":42}},"20":{"start":{"line":125,"column":9},"end":{"line":129,"column":18}},"21":{"start":{"line":127,"column":16},"end":{"line":129,"column":17}},"22":{"start":{"line":131,"column":8},"end":{"line":134,"column":13}},"23":{"start":{"line":133,"column":14},"end":{"line":133,"column":31}},"24":{"start":{"line":136,"column":33},"end":{"line":141,"column":9}},"25":{"start":{"line":137,"column":12},"end":{"line":140,"column":13}},"26":{"start":{"line":139,"column":16},"end":{"line":139,"column":33}},"27":{"start":{"line":143,"column":5},"end":{"line":234,"column":11}},"28":{"start":{"line":148,"column":201},"end":{"line":148,"column":231}},"29":{"start":{"line":151,"column":20},"end":{"line":151,"column":44}},"30":{"start":{"line":152,"column":37},"end":{"line":152,"column":129}},"31":{"start":{"line":152,"column":65},"end":{"line":152,"column":128}},"32":{"start":{"line":154,"column":20},"end":{"line":154,"column":58}},"33":{"start":{"line":163,"column":16},"end":{"line":163,"column":42}},"34":{"start":{"line":164,"column":16},"end":{"line":164,"column":39}},"35":{"start":{"line":165,"column":41},"end":{"line":165,"column":111}},"36":{"start":{"line":165,"column":81},"end":{"line":165,"column":109}},"37":{"start":{"line":167,"column":16},"end":{"line":167,"column":50}},"38":{"start":{"line":168,"column":16},"end":{"line":168,"column":54}},"39":{"start":{"line":172,"column":30},"end":{"line":172,"column":55}},"40":{"start":{"line":193,"column":92},"end":{"line":193,"column":126}},"41":{"start":{"line":202,"column":12},"end":{"line":207,"column":23}},"42":{"start":{"line":214,"column":20},"end":{"line":214,"column":46}},"43":{"start":{"line":220,"column":24},"end":{"line":224,"column":47}},"44":{"start":{"line":222,"column":28},"end":{"line":222,"column":50}},"45":{"start":{"line":228,"column":20},"end":{"line":228,"column":46}}},"fnMap":{"0":{"name":"(anonymous_0)","decl":{"start":{"line":32,"column":12},"end":{"line":32,"column":13}},"loc":{"start":{"line":35,"column":4},"end":{"line":235,"column":5}},"line":35},"1":{"name":"(anonymous_1)","decl":{"start":{"line":88,"column":18},"end":{"line":88,"column":19}},"loc":{"start":{"line":88,"column":22},"end":{"line":91,"column":9}},"line":88},"2":{"name":"(anonymous_2)","decl":{"start":{"line":94,"column":25},"end":{"line":94,"column":26}},"loc":{"start":{"line":94,"column":35},"end":{"line":122,"column":10}},"line":94},"3":{"name":"(anonymous_3)","decl":{"start":{"line":136,"column":33},"end":{"line":136,"column":34}},"loc":{"start":{"line":136,"column":44},"end":{"line":141,"column":9}},"line":136},"4":{"name":"(anonymous_4)","decl":{"start":{"line":148,"column":195},"end":{"line":148,"column":196}},"loc":{"start":{"line":148,"column":200},"end":{"line":148,"column":232}},"line":148},"5":{"name":"(anonymous_5)","decl":{"start":{"line":149,"column":86},"end":{"line":149,"column":87}},"loc":{"start":{"line":149,"column":90},"end":{"line":155,"column":17}},"line":149},"6":{"name":"(anonymous_6)","decl":{"start":{"line":152,"column":57},"end":{"line":152,"column":58}},"loc":{"start":{"line":152,"column":65},"end":{"line":152,"column":128}},"line":152},"7":{"name":"(anonymous_7)","decl":{"start":{"line":162,"column":92},"end":{"line":162,"column":93}},"loc":{"start":{"line":162,"column":96},"end":{"line":170,"column":13}},"line":162},"8":{"name":"(anonymous_8)","decl":{"start":{"line":165,"column":72},"end":{"line":165,"column":73}},"loc":{"start":{"line":165,"column":80},"end":{"line":165,"column":110}},"line":165},"9":{"name":"(anonymous_9)","decl":{"start":{"line":172,"column":25},"end":{"line":172,"column":26}},"loc":{"start":{"line":172,"column":29},"end":{"line":172,"column":56}},"line":172},"10":{"name":"(anonymous_10)","decl":{"start":{"line":193,"column":87},"end":{"line":193,"column":88}},"loc":{"start":{"line":193,"column":92},"end":{"line":193,"column":126}},"line":193},"11":{"name":"(anonymous_11)","decl":{"start":{"line":201,"column":60},"end":{"line":201,"column":61}},"loc":{"start":{"line":202,"column":12},"end":{"line":207,"column":23}},"line":202},"12":{"name":"(anonymous_12)","decl":{"start":{"line":213,"column":76},"end":{"line":213,"column":77}},"loc":{"start":{"line":213,"column":80},"end":{"line":215,"column":17}},"line":213},"13":{"name":"(anonymous_13)","decl":{"start":{"line":219,"column":67},"end":{"line":219,"column":68}},"loc":{"start":{"line":219,"column":74},"end":{"line":225,"column":21}},"line":219},"14":{"name":"(anonymous_14)","decl":{"start":{"line":221,"column":33},"end":{"line":221,"column":34}},"loc":{"start":{"line":221,"column":37},"end":{"line":224,"column":25}},"line":221},"15":{"name":"(anonymous_15)","decl":{"start":{"line":227,"column":106},"end":{"line":227,"column":107}},"loc":{"start":{"line":227,"column":110},"end":{"line":229,"column":17}},"line":227}},"branchMap":{"0":{"loc":{"start":{"line":125,"column":9},"end":{"line":129,"column":18}},"type":"if","locations":[{"start":{"line":125,"column":9},"end":{"line":129,"column":18}},{"start":{},"end":{}}],"line":125},"1":{"loc":{"start":{"line":131,"column":8},"end":{"line":134,"column":13}},"type":"if","locations":[{"start":{"line":131,"column":8},"end":{"line":134,"column":13}},{"start":{},"end":{}}],"line":131},"2":{"loc":{"start":{"line":137,"column":12},"end":{"line":140,"column":13}},"type":"if","locations":[{"start":{"line":137,"column":12},"end":{"line":140,"column":13}},{"start":{},"end":{}}],"line":137},"3":{"loc":{"start":{"line":137,"column":15},"end":{"line":137,"column":85}},"type":"binary-expr","locations":[{"start":{"line":137,"column":15},"end":{"line":137,"column":25}},{"start":{"line":137,"column":29},"end":{"line":137,"column":68}},{"start":{"line":137,"column":72},"end":{"line":137,"column":85}}],"line":137},"4":{"loc":{"start":{"line":205,"column":17},"end":{"line":205,"column":93}},"type":"cond-expr","locations":[{"start":{"line":205,"column":36},"end":{"line":205,"column":62}},{"start":{"line":205,"column":65},"end":{"line":205,"column":92}}],"line":205},"5":{"loc":{"start":{"line":212,"column":12},"end":{"line":230,"column":18}},"type":"binary-expr","locations":[{"start":{"line":212,"column":12},"end":{"line":212,"column":44}},{"start":{"line":212,"column":48},"end":{"line":230,"column":18}}],"line":212},"6":{"loc":{"start":{"line":213,"column":33},"end":{"line":213,"column":65}},"type":"cond-expr","locations":[{"start":{"line":213,"column":40},"end":{"line":213,"column":42}},{"start":{"line":213,"column":43},"end":{"line":213,"column":65}}],"line":213},"7":{"loc":{"start":{"line":220,"column":49},"end":{"line":220,"column":87}},"type":"cond-expr","locations":[{"start":{"line":220,"column":62},"end":{"line":220,"column":84}},{"start":{"line":220,"column":85},"end":{"line":220,"column":87}}],"line":220},"8":{"loc":{"start":{"line":227,"column":33},"end":{"line":227,"column":95}},"type":"cond-expr","locations":[{"start":{"line":227,"column":70},"end":{"line":227,"column":72}},{"start":{"line":227,"column":73},"end":{"line":227,"column":95}}],"line":227}},"s":{"0":1,"1":1,"2":4,"3":4,"4":4,"5":4,"6":4,"7":4,"8":1,"9":4,"10":4,"11":4,"12":1,"13":1,"14":1,"15":1,"16":1,"17":1,"18":1,"19":4,"20":4,"21":0,"22":4,"23":0,"24":4,"25":0,"26":0,"27":4,"28":1,"29":1,"30":1,"31":8,"32":1,"33":0,"34":0,"35":0,"36":0,"37":0,"38":0,"39":0,"40":0,"41":9,"42":0,"43":19,"44":0,"45":0},"f":{"0":4,"1":1,"2":1,"3":0,"4":1,"5":1,"6":8,"7":0,"8":0,"9":0,"10":0,"11":9,"12":0,"13":19,"14":0,"15":0},"b":{"0":[0,4],"1":[0,4],"2":[0,0],"3":[0,0,0],"4":[9,0],"5":[4,3],"6":[0,3],"7":[3,16],"8":[3,0]},"_coverageSchema":"1a1c01bbd47fc00a2c39e90264f33305004495a9","hash":"76ad377f97803bd2bb07cd4eeb0b9530e31f5234"}
,"H:\\firstappui\\src\\components\\Contacts.js": {"path":"H:\\firstappui\\src\\components\\Contacts.js","statementMap":{"0":{"start":{"line":1,"column":17},"end":{"line":12,"column":1}},"1":{"start":{"line":2,"column":2},"end":{"line":11,"column":4}}},"fnMap":{"0":{"name":"(anonymous_0)","decl":{"start":{"line":1,"column":17},"end":{"line":1,"column":18}},"loc":{"start":{"line":1,"column":23},"end":{"line":12,"column":1}},"line":1}},"branchMap":{},"s":{"0":1,"1":5},"f":{"0":5},"b":{},"_coverageSchema":"1a1c01bbd47fc00a2c39e90264f33305004495a9","hash":"8ebb3df1b74d426ce839da062d257dbc61bc55b0"}
,"H:\\firstappui\\src\\components\\Heading.js": {"path":"H:\\firstappui\\src\\components\\Heading.js","statementMap":{"0":{"start":{"line":8,"column":15},"end":{"line":38,"column":1}},"1":{"start":{"line":9,"column":27},"end":{"line":9,"column":44}},"2":{"start":{"line":10,"column":20},"end":{"line":10,"column":37}},"3":{"start":{"line":11,"column":21},"end":{"line":11,"column":59}},"4":{"start":{"line":11,"column":42},"end":{"line":11,"column":58}},"5":{"start":{"line":12,"column":4},"end":{"line":12,"column":27}},"6":{"start":{"line":13,"column":23},"end":{"line":13,"column":46}},"7":{"start":{"line":15,"column":4},"end":{"line":37,"column":6}},"8":{"start":{"line":31,"column":21},"end":{"line":31,"column":74}}},"fnMap":{"0":{"name":"(anonymous_0)","decl":{"start":{"line":8,"column":15},"end":{"line":8,"column":16}},"loc":{"start":{"line":8,"column":19},"end":{"line":38,"column":1}},"line":8},"1":{"name":"(anonymous_1)","decl":{"start":{"line":11,"column":33},"end":{"line":11,"column":34}},"loc":{"start":{"line":11,"column":42},"end":{"line":11,"column":58}},"line":11},"2":{"name":"(anonymous_2)","decl":{"start":{"line":31,"column":17},"end":{"line":31,"column":18}},"loc":{"start":{"line":31,"column":21},"end":{"line":31,"column":74}},"line":31}},"branchMap":{"0":{"loc":{"start":{"line":22,"column":42},"end":{"line":22,"column":60}},"type":"cond-expr","locations":[{"start":{"line":22,"column":51},"end":{"line":22,"column":55}},{"start":{"line":22,"column":56},"end":{"line":22,"column":60}}],"line":22},"1":{"loc":{"start":{"line":31,"column":21},"end":{"line":31,"column":74}},"type":"cond-expr","locations":[{"start":{"line":31,"column":39},"end":{"line":31,"column":56}},{"start":{"line":31,"column":57},"end":{"line":31,"column":74}}],"line":31}},"s":{"0":1,"1":4,"2":4,"3":4,"4":7,"5":4,"6":4,"7":4,"8":1},"f":{"0":4,"1":7,"2":1},"b":{"0":[4,0],"1":[1,0]},"_coverageSchema":"1a1c01bbd47fc00a2c39e90264f33305004495a9","hash":"4c35bae77b064afcb2fafe2e4e31da24c2e78416"}
,"H:\\firstappui\\src\\components\\RestaurantCard.js": {"path":"H:\\firstappui\\src\\components\\RestaurantCard.js","statementMap":{"0":{"start":{"line":14,"column":22},"end":{"line":45,"column":1}},"1":{"start":{"line":15,"column":4},"end":{"line":15,"column":39}},"2":{"start":{"line":16,"column":4},"end":{"line":16,"column":21}},"3":{"start":{"line":17,"column":23},"end":{"line":17,"column":46}},"4":{"start":{"line":19,"column":4},"end":{"line":44,"column":12}},"5":{"start":{"line":52,"column":36},"end":{"line":62,"column":1}},"6":{"start":{"line":53,"column":4},"end":{"line":61,"column":5}},"7":{"start":{"line":54,"column":8},"end":{"line":60,"column":9}}},"fnMap":{"0":{"name":"(anonymous_0)","decl":{"start":{"line":14,"column":22},"end":{"line":14,"column":23}},"loc":{"start":{"line":14,"column":31},"end":{"line":45,"column":1}},"line":14},"1":{"name":"(anonymous_1)","decl":{"start":{"line":52,"column":36},"end":{"line":52,"column":37}},"loc":{"start":{"line":52,"column":54},"end":{"line":62,"column":1}},"line":52},"2":{"name":"(anonymous_2)","decl":{"start":{"line":53,"column":11},"end":{"line":53,"column":12}},"loc":{"start":{"line":53,"column":20},"end":{"line":61,"column":5}},"line":53}},"branchMap":{},"s":{"0":2,"1":11,"2":11,"3":11,"4":11,"5":2,"6":5,"7":10},"f":{"0":11,"1":5,"2":10},"b":{},"_coverageSchema":"1a1c01bbd47fc00a2c39e90264f33305004495a9","hash":"7b8738677225775651bd251b5eb29c17c4f6eb6f"}
,"H:\\firstappui\\src\\components\\Shimmer.js": {"path":"H:\\firstappui\\src\\components\\Shimmer.js","statementMap":{"0":{"start":{"line":1,"column":15},"end":{"line":22,"column":1}},"1":{"start":{"line":2,"column":4},"end":{"line":21,"column":10}}},"fnMap":{"0":{"name":"(anonymous_0)","decl":{"start":{"line":1,"column":15},"end":{"line":1,"column":16}},"loc":{"start":{"line":1,"column":19},"end":{"line":22,"column":1}},"line":1}},"branchMap":{},"s":{"0":1,"1":0},"f":{"0":0},"b":{},"_coverageSchema":"1a1c01bbd47fc00a2c39e90264f33305004495a9","hash":"030ff1385f0977daf8daebc10e3bf128ce22ebff"}
,"H:\\firstappui\\src\\components\\SuggestionList.js": {"path":"H:\\firstappui\\src\\components\\SuggestionList.js","statementMap":{"0":{"start":{"line":3,"column":23},"end":{"line":31,"column":1}},"1":{"start":{"line":6,"column":27},"end":{"line":17,"column":3}},"2":{"start":{"line":7,"column":18},"end":{"line":7,"column":63}},"3":{"start":{"line":8,"column":4},"end":{"line":8,"column":23}},"4":{"start":{"line":9,"column":4},"end":{"line":16,"column":11}},"5":{"start":{"line":12,"column":16},"end":{"line":13,"column":50}},"6":{"start":{"line":18,"column":4},"end":{"line":30,"column":3}},"7":{"start":{"line":20,"column":30},"end":{"line":20,"column":71}},"8":{"start":{"line":21,"column":8},"end":{"line":28,"column":9}},"9":{"start":{"line":23,"column":33},"end":{"line":23,"column":62}}},"fnMap":{"0":{"name":"(anonymous_0)","decl":{"start":{"line":3,"column":23},"end":{"line":3,"column":24}},"loc":{"start":{"line":3,"column":81},"end":{"line":31,"column":1}},"line":3},"1":{"name":"(anonymous_1)","decl":{"start":{"line":6,"column":27},"end":{"line":6,"column":28}},"loc":{"start":{"line":6,"column":45},"end":{"line":17,"column":3}},"line":6},"2":{"name":"(anonymous_2)","decl":{"start":{"line":11,"column":22},"end":{"line":11,"column":23}},"loc":{"start":{"line":11,"column":36},"end":{"line":14,"column":13}},"line":11},"3":{"name":"(anonymous_3)","decl":{"start":{"line":19,"column":23},"end":{"line":19,"column":24}},"loc":{"start":{"line":19,"column":43},"end":{"line":29,"column":5}},"line":19},"4":{"name":"(anonymous_4)","decl":{"start":{"line":23,"column":27},"end":{"line":23,"column":28}},"loc":{"start":{"line":23,"column":33},"end":{"line":23,"column":62}},"line":23}},"branchMap":{"0":{"loc":{"start":{"line":3,"column":25},"end":{"line":3,"column":39}},"type":"default-arg","locations":[{"start":{"line":3,"column":37},"end":{"line":3,"column":39}}],"line":3},"1":{"loc":{"start":{"line":12,"column":23},"end":{"line":13,"column":50}},"type":"cond-expr","locations":[{"start":{"line":13,"column":17},"end":{"line":13,"column":42}},{"start":{"line":13,"column":45},"end":{"line":13,"column":49}}],"line":12},"2":{"loc":{"start":{"line":20,"column":30},"end":{"line":20,"column":71}},"type":"cond-expr","locations":[{"start":{"line":20,"column":39},"end":{"line":20,"column":58}},{"start":{"line":20,"column":61},"end":{"line":20,"column":71}}],"line":20}},"s":{"0":1,"1":0,"2":0,"3":0,"4":0,"5":0,"6":0,"7":0,"8":0,"9":0},"f":{"0":0,"1":0,"2":0,"3":0,"4":0},"b":{"0":[0],"1":[0,0],"2":[0,0]},"_coverageSchema":"1a1c01bbd47fc00a2c39e90264f33305004495a9","hash":"2348e066e8f66b4b7b0baae073a38bdd109f73a8"}
,"H:\\firstappui\\src\\components\\sum.js": {"path":"H:\\firstappui\\src\\components\\sum.js","statementMap":{"0":{"start":{"line":1,"column":17},"end":{"line":3,"column":1}},"1":{"start":{"line":2,"column":4},"end":{"line":2,"column":15}}},"fnMap":{"0":{"name":"(anonymous_0)","decl":{"start":{"line":1,"column":17},"end":{"line":1,"column":18}},"loc":{"start":{"line":1,"column":24},"end":{"line":3,"column":1}},"line":1}},"branchMap":{},"s":{"0":1,"1":1},"f":{"0":1},"b":{},"_coverageSchema":"1a1c01bbd47fc00a2c39e90264f33305004495a9","hash":"738a3d909a871f025ce9bdac1399d8deb4558c3a"}
,"H:\\firstappui\\src\\utils\\UserContext.js": {"path":"H:\\firstappui\\src\\utils\\UserContext.js","statementMap":{"0":{"start":{"line":3,"column":19},"end":{"line":5,"column":2}}},"fnMap":{},"branchMap":{},"s":{"0":3},"f":{},"b":{},"_coverageSchema":"1a1c01bbd47fc00a2c39e90264f33305004495a9","hash":"2b5f0b56f1d5596b39dead1177ee34ce1327ac3d"}
,"H:\\firstappui\\src\\utils\\appStore.js": {"path":"H:\\firstappui\\src\\utils\\appStore.js","statementMap":{"0":{"start":{"line":3,"column":17},"end":{"line":7,"column":2}}},"fnMap":{},"branchMap":{},"s":{"0":1},"f":{},"b":{},"_coverageSchema":"1a1c01bbd47fc00a2c39e90264f33305004495a9","hash":"8673d45187b85d8201193dd3f6f7432e134d4c38"}
,"H:\\firstappui\\src\\utils\\cartSlice.js": {"path":"H:\\firstappui\\src\\utils\\cartSlice.js","statementMap":{"0":{"start":{"line":4,"column":18},"end":{"line":35,"column":2}},"1":{"start":{"line":20,"column":12},"end":{"line":20,"column":45}},"2":{"start":{"line":21,"column":12},"end":{"line":21,"column":31}},"3":{"start":{"line":22,"column":12},"end":{"line":22,"column":40}},"4":{"start":{"line":24,"column":12},"end":{"line":24,"column":36}},"5":{"start":{"line":27,"column":12},"end":{"line":27,"column":30}},"6":{"start":{"line":30,"column":12},"end":{"line":30,"column":33}},"7":{"start":{"line":37,"column":43},"end":{"line":37,"column":60}}},"fnMap":{"0":{"name":"(anonymous_0)","decl":{"start":{"line":19,"column":16},"end":{"line":19,"column":17}},"loc":{"start":{"line":19,"column":32},"end":{"line":25,"column":9}},"line":19},"1":{"name":"(anonymous_1)","decl":{"start":{"line":26,"column":19},"end":{"line":26,"column":20}},"loc":{"start":{"line":26,"column":35},"end":{"line":28,"column":9}},"line":26},"2":{"name":"(anonymous_2)","decl":{"start":{"line":29,"column":18},"end":{"line":29,"column":19}},"loc":{"start":{"line":29,"column":34},"end":{"line":32,"column":9}},"line":29}},"branchMap":{},"s":{"0":1,"1":0,"2":0,"3":0,"4":0,"5":0,"6":0,"7":1},"f":{"0":0,"1":0,"2":0},"b":{},"_coverageSchema":"1a1c01bbd47fc00a2c39e90264f33305004495a9","hash":"db48063f450c3606e67333840730ea86ed36b820"}
,"H:\\firstappui\\src\\utils\\constants.js": {"path":"H:\\firstappui\\src\\utils\\constants.js","statementMap":{"0":{"start":{"line":1,"column":23},"end":{"line":1,"column":157}},"1":{"start":{"line":2,"column":22},"end":{"line":2,"column":171}}},"fnMap":{},"branchMap":{},"s":{"0":1,"1":1},"f":{},"b":{},"_coverageSchema":"1a1c01bbd47fc00a2c39e90264f33305004495a9","hash":"5177226d7cb1676bcb67d0b383648eb0e04bc761"}
,"H:\\firstappui\\src\\utils\\useOnlineStatus.js": {"path":"H:\\firstappui\\src\\utils\\useOnlineStatus.js","statementMap":{"0":{"start":{"line":3,"column":24},"end":{"line":15,"column":1}},"1":{"start":{"line":4,"column":34},"end":{"line":4,"column":48}},"2":{"start":{"line":6,"column":4},"end":{"line":11,"column":10}},"3":{"start":{"line":7,"column":8},"end":{"line":9,"column":11}},"4":{"start":{"line":8,"column":12},"end":{"line":8,"column":31}},"5":{"start":{"line":10,"column":8},"end":{"line":10,"column":72}},"6":{"start":{"line":10,"column":50},"end":{"line":10,"column":67}},"7":{"start":{"line":14,"column":4},"end":{"line":14,"column":20}}},"fnMap":{"0":{"name":"(anonymous_0)","decl":{"start":{"line":3,"column":24},"end":{"line":3,"column":25}},"loc":{"start":{"line":3,"column":30},"end":{"line":15,"column":1}},"line":3},"1":{"name":"(anonymous_1)","decl":{"start":{"line":6,"column":14},"end":{"line":6,"column":15}},"loc":{"start":{"line":6,"column":18},"end":{"line":11,"column":5}},"line":6},"2":{"name":"(anonymous_2)","decl":{"start":{"line":7,"column":43},"end":{"line":7,"column":44}},"loc":{"start":{"line":7,"column":49},"end":{"line":9,"column":9}},"line":7},"3":{"name":"(anonymous_3)","decl":{"start":{"line":10,"column":42},"end":{"line":10,"column":43}},"loc":{"start":{"line":10,"column":48},"end":{"line":10,"column":69}},"line":10}},"branchMap":{},"s":{"0":2,"1":8,"2":8,"3":4,"4":0,"5":4,"6":0,"7":8},"f":{"0":8,"1":4,"2":0,"3":0},"b":{},"_coverageSchema":"1a1c01bbd47fc00a2c39e90264f33305004495a9","hash":"fa83f8a4ff0acb2cca80327563e46dfcf4428ef5"}
}
